# JRE version: OpenJDK Runtime Environment Temurin-21.0.1+12 (21.0.1+12) (build 21.0.1+12-LTS)
# Java VM: OpenJDK 64-Bit Server VM Temurin-21.0.1+12 (21.0.1+12-LTS, mixed mode, sharing, tiered, compressed oops, compressed class ptrs, g1 gc, windows-amd64)
GC Precious Log:
 CardTable entry size: 512
 Card Set container configuration: InlinePtr #cards 4 size 8 Array Of Cards #cards 16 size 48 Howl #buckets 8 coarsen threshold 3686 Howl Bitmap #cards 512 size 80 coarsen threshold 460 Card regions per heap region 1 cards per card region 4096
 CPUs: 12 total, 12 available
 Memory: 16308M
 Large Page Support: Disabled
 NUMA Support: Disabled
 Compressed Oops: Enabled (Zero based)
 Heap Region Size: 2M
 Heap Min Capacity: 512M
 Heap Initial Capacity: 512M
 Heap Max Capacity: 4072M
 Pre-touch: Disabled
 Parallel Workers: 10
 Concurrent Workers: 3
 Concurrent Refinement Workers: 10
 Periodic GC: Disabled
 String Deduplication is enabled
Heap:
 garbage-first heap   total 546816K, used 256620K [0x0000000701800000, 0x0000000800000000)
  region size 2048K, 28 young (57344K), 3 survivors (6144K)
 Metaspace       used 129402K, committed 130240K, reserved 1179648K
  class space    used 18398K, committed 18816K, reserved 1048576K
GC Heap History (20 events):
Event: 3466.316 GC heap before
{Heap before GC invocations=266 (full 49):
 garbage-first heap   total 546816K, used 283498K [0x0000000701800000, 0x0000000800000000)
  region size 2048K, 40 young (81920K), 1 survivors (2048K)
 Metaspace       used 128792K, committed 129600K, reserved 1179648K
  class space    used 18348K, committed 18688K, reserved 1048576K
}
Event: 3466.319 GC heap after
{Heap after GC invocations=267 (full 49):
 garbage-first heap   total 546816K, used 204322K [0x0000000701800000, 0x0000000800000000)
  region size 2048K, 2 young (4096K), 2 survivors (4096K)
 Metaspace       used 128792K, committed 129600K, reserved 1179648K
  class space    used 18348K, committed 18688K, reserved 1048576K
}
Event: 3467.841 GC heap before
{Heap before GC invocations=267 (full 49):
 garbage-first heap   total 546816K, used 282146K [0x0000000701800000, 0x0000000800000000)
  region size 2048K, 40 young (81920K), 2 survivors (4096K)
 Metaspace       used 128858K, committed 129664K, reserved 1179648K
  class space    used 18354K, committed 18688K, reserved 1048576K
}
Event: 3467.844 GC heap after
{Heap after GC invocations=268 (full 49):
 garbage-first heap   total 546816K, used 206121K [0x0000000701800000, 0x0000000800000000)
  region size 2048K, 3 young (6144K), 3 survivors (6144K)
 Metaspace       used 128858K, committed 129664K, reserved 1179648K
  class space    used 18354K, committed 18688K, reserved 1048576K
}
Event: 3470.548 GC heap before
{Heap before GC invocations=268 (full 49):
 garbage-first heap   total 546816K, used 281897K [0x0000000701800000, 0x0000000800000000)
  region size 2048K, 40 young (81920K), 3 survivors (6144K)
 Metaspace       used 128884K, committed 129664K, reserved 1179648K
  class space    used 18354K, committed 18688K, reserved 1048576K
}
Event: 3470.551 GC heap after
{Heap after GC invocations=269 (full 49):
 garbage-first heap   total 546816K, used 204950K [0x0000000701800000, 0x0000000800000000)
  region size 2048K, 2 young (4096K), 2 survivors (4096K)
 Metaspace       used 128884K, committed 129664K, reserved 1179648K
  class space    used 18354K, committed 18688K, reserved 1048576K
}
Event: 3477.714 GC heap before
{Heap before GC invocations=269 (full 49):
 garbage-first heap   total 546816K, used 282774K [0x0000000701800000, 0x0000000800000000)
  region size 2048K, 40 young (81920K), 2 survivors (4096K)
 Metaspace       used 128949K, committed 129728K, reserved 1179648K
  class space    used 18354K, committed 18688K, reserved 1048576K
}
Event: 3477.716 GC heap after
{Heap after GC invocations=270 (full 49):
 garbage-first heap   total 546816K, used 205062K [0x0000000701800000, 0x0000000800000000)
  region size 2048K, 2 young (4096K), 2 survivors (4096K)
 Metaspace       used 128949K, committed 129728K, reserved 1179648K
  class space    used 18354K, committed 18688K, reserved 1048576K
}
Event: 3485.818 GC heap before
{Heap before GC invocations=270 (full 49):
 garbage-first heap   total 546816K, used 282886K [0x0000000701800000, 0x0000000800000000)
  region size 2048K, 40 young (81920K), 2 survivors (4096K)
 Metaspace       used 128974K, committed 129728K, reserved 1179648K
  class space    used 18355K, committed 18688K, reserved 1048576K
}
Event: 3485.821 GC heap after
{Heap after GC invocations=271 (full 49):
 garbage-first heap   total 546816K, used 205135K [0x0000000701800000, 0x0000000800000000)
  region size 2048K, 2 young (4096K), 2 survivors (4096K)
 Metaspace       used 128974K, committed 129728K, reserved 1179648K
  class space    used 18355K, committed 18688K, reserved 1048576K
}
Event: 3495.671 GC heap before
{Heap before GC invocations=271 (full 49):
 garbage-first heap   total 546816K, used 282959K [0x0000000701800000, 0x0000000800000000)
  region size 2048K, 40 young (81920K), 2 survivors (4096K)
 Metaspace       used 128980K, committed 129728K, reserved 1179648K
  class space    used 18355K, committed 18688K, reserved 1048576K
}
Event: 3495.674 GC heap after
{Heap after GC invocations=272 (full 49):
 garbage-first heap   total 546816K, used 205285K [0x0000000701800000, 0x0000000800000000)
  region size 2048K, 2 young (4096K), 2 survivors (4096K)
 Metaspace       used 128980K, committed 129728K, reserved 1179648K
  class space    used 18355K, committed 18688K, reserved 1048576K
}
Event: 3500.440 GC heap before
{Heap before GC invocations=272 (full 49):
 garbage-first heap   total 546816K, used 283109K [0x0000000701800000, 0x0000000800000000)
  region size 2048K, 41 young (83968K), 2 survivors (4096K)
 Metaspace       used 128983K, committed 129728K, reserved 1179648K
  class space    used 18355K, committed 18688K, reserved 1048576K
}
Event: 3500.443 GC heap after
{Heap after GC invocations=273 (full 49):
 garbage-first heap   total 546816K, used 205454K [0x0000000701800000, 0x0000000800000000)
  region size 2048K, 2 young (4096K), 2 survivors (4096K)
 Metaspace       used 128983K, committed 129728K, reserved 1179648K
  class space    used 18355K, committed 18688K, reserved 1048576K
}
Event: 3503.805 GC heap before
{Heap before GC invocations=273 (full 49):
 garbage-first heap   total 546816K, used 283278K [0x0000000701800000, 0x0000000800000000)
  region size 2048K, 40 young (81920K), 2 survivors (4096K)
 Metaspace       used 129188K, committed 130112K, reserved 1179648K
  class space    used 18383K, committed 18816K, reserved 1048576K
}
Event: 3503.809 GC heap after
{Heap after GC invocations=274 (full 49):
 garbage-first heap   total 546816K, used 207590K [0x0000000701800000, 0x0000000800000000)
  region size 2048K, 3 young (6144K), 3 survivors (6144K)
 Metaspace       used 129188K, committed 130112K, reserved 1179648K
  class space    used 18383K, committed 18816K, reserved 1048576K
}
Event: 3505.794 GC heap before
{Heap before GC invocations=274 (full 49):
 garbage-first heap   total 546816K, used 283366K [0x0000000701800000, 0x0000000800000000)
  region size 2048K, 40 young (81920K), 3 survivors (6144K)
 Metaspace       used 129367K, committed 130240K, reserved 1179648K
  class space    used 18397K, committed 18816K, reserved 1048576K
}
Event: 3505.797 GC heap after
{Heap after GC invocations=275 (full 49):
 garbage-first heap   total 546816K, used 206803K [0x0000000701800000, 0x0000000800000000)
  region size 2048K, 3 young (6144K), 3 survivors (6144K)
 Metaspace       used 129367K, committed 130240K, reserved 1179648K
  class space    used 18397K, committed 18816K, reserved 1048576K
}
Event: 3507.807 GC heap before
{Heap before GC invocations=275 (full 49):
 garbage-first heap   total 546816K, used 282579K [0x0000000701800000, 0x0000000800000000)
  region size 2048K, 40 young (81920K), 3 survivors (6144K)
 Metaspace       used 129402K, committed 130240K, reserved 1179648K
  class space    used 18398K, committed 18816K, reserved 1048576K
}
Event: 3507.810 GC heap after
{Heap after GC invocations=276 (full 49):
 garbage-first heap   total 546816K, used 207468K [0x0000000701800000, 0x0000000800000000)
  region size 2048K, 3 young (6144K), 3 survivors (6144K)
 Metaspace       used 129402K, committed 130240K, reserved 1179648K
  class space    used 18398K, committed 18816K, reserved 1048576K
}

